::1 - - [30/Apr/2026:11:10:54 +0000] "POST /user/password/reset?token=b78fa3a4fbce6e3e7bc9f403b44f506b353464c6e5bfd4c1f4e5f65806b6678c HTTP/1.1" 401 45 "-" "PostmanRuntime/7.53.0"
::1 - - [30/Apr/2026:11:10:59 +0000] "POST /user/password/forgot HTTP/1.1" 401 45 "-" "PostmanRuntime/7.53.0"
::1 - - [30/Apr/2026:11:12:10 +0000] "POST /user/password/forgot HTTP/1.1" 500 1360 "-" "PostmanRuntime/7.53.0"
::1 - - [30/Apr/2026:11:12:41 +0000] "POST /user/password/forgot HTTP/1.1" 500 72 "-" "PostmanRuntime/7.53.0"
::1 - - [30/Apr/2026:11:13:32 +0000] "POST /user/password/forgot HTTP/1.1" 500 75 "-" "PostmanRuntime/7.53.0"
::1 - - [30/Apr/2026:11:13:53 +0000] "POST /user/password/forgot HTTP/1.1" 500 58 "-" "PostmanRuntime/7.53.0"
::1 - - [30/Apr/2026:11:15:40 +0000] "POST /user/password/forgot HTTP/1.1" 500 58 "-" "PostmanRuntime/7.53.0"
::1 - - [30/Apr/2026:11:27:36 +0000] "POST /user/password/forgot HTTP/1.1" 500 58 "-" "PostmanRuntime/7.53.0"
::1 - - [30/Apr/2026:11:28:43 +0000] "POST /user/password/forgot HTTP/1.1" 500 62 "-" "PostmanRuntime/7.53.0"
::1 - - [30/Apr/2026:11:29:02 +0000] "POST /user/password/forgot HTTP/1.1" 500 60 "-" "PostmanRuntime/7.53.0"
::1 - - [30/Apr/2026:11:29:50 +0000] "POST /user/password/forgot HTTP/1.1" 500 60 "-" "PostmanRuntime/7.53.0"
::1 - - [30/Apr/2026:11:30:07 +0000] "POST /user/password/forgot HTTP/1.1" 500 63 "-" "PostmanRuntime/7.53.0"
::1 - - [30/Apr/2026:11:30:35 +0000] "POST /user/password/forgot HTTP/1.1" 500 58 "-" "PostmanRuntime/7.53.0"
::1 - - [30/Apr/2026:11:36:40 +0000] "POST /user/password/forgot HTTP/1.1" 500 58 "-" "PostmanRuntime/7.53.0"
::1 - - [30/Apr/2026:11:38:02 +0000] "POST /user/password/forgot HTTP/1.1" 500 58 "-" "PostmanRuntime/7.53.0"
::1 - - [30/Apr/2026:11:42:52 +0000] "POST /user/password/reset?token=76c9523e73b024b1b5647051c183035484eb507b1c08937cec922b13f37acc1a HTTP/1.1" 500 1362 "-" "PostmanRuntime/7.53.0"
::1 - - [30/Apr/2026:11:44:25 +0000] "POST /user/password/reset?token=76c9523e73b024b1b5647051c183035484eb507b1c08937cec922b13f37acc1a HTTP/1.1" 500 68 "-" "PostmanRuntime/7.53.0"
::1 - - [30/Apr/2026:11:45:03 +0000] "POST /user/password/reset?token=76c9523e73b024b1b5647051c183035484eb507b1c08937cec922b13f37acc1a HTTP/1.1" 500 68 "-" "PostmanRuntime/7.53.0"
::1 - alban70robin@gmail.com [30/Apr/2026:11:49:08 +0000] "POST /user/article/add HTTP/1.1" 403 50 "-" "PostmanRuntime/7.53.0"
::1 - alban70robin@gmail.com [30/Apr/2026:11:49:41 +0000] "POST /user/article/add HTTP/1.1" 403 50 "-" "PostmanRuntime/7.53.0"
::1 - alban70robin@gmail.com [30/Apr/2026:11:50:14 +0000] "POST /article/add HTTP/1.1" 403 50 "-" "PostmanRuntime/7.53.0"
::1 - - [30/Apr/2026:11:50:21 +0000] "POST /auth/register HTTP/1.1" 500 1351 "-" "PostmanRuntime/7.53.0"
::1 - - [30/Apr/2026:11:51:23 +0000] "POST /auth/register HTTP/1.1" 500 69 "-" "PostmanRuntime/7.53.0"
::1 - alban70robin@gmail.com [30/Apr/2026:11:52:07 +0000] "POST /article/add HTTP/1.1" 403 55 "-" "PostmanRuntime/7.53.0"
::1 - alban70robin@gmail.com [30/Apr/2026:11:52:26 +0000] "POST /article/add HTTP/1.1" 500 70 "-" "PostmanRuntime/7.53.0"
::1 - alban70robin@gmail.com [30/Apr/2026:11:54:03 +0000] "POST /article/add HTTP/1.1" 500 68 "-" "PostmanRuntime/7.53.0"
::1 - alban70robin@gmail.com [30/Apr/2026:11:57:48 +0000] "POST /products/add HTTP/1.1" 500 54 "-" "PostmanRuntime/7.53.0"
::1 - alban70robin@gmail.com [30/Apr/2026:11:59:04 +0000] "POST /products/add HTTP/1.1" 500 54 "-" "PostmanRuntime/7.53.0"
::1 - alban70robin@gmail.com [30/Apr/2026:12:00:44 +0000] "POST /products/add HTTP/1.1" 500 78 "-" "PostmanRuntime/7.53.0"
::1 - alban70robin@gmail.com [30/Apr/2026:12:04:07 +0000] "POST /products/add HTTP/1.1" 500 78 "-" "PostmanRuntime/7.53.0"
::1 - alban70robin@gmail.com [30/Apr/2026:12:22:10 +0000] "POST /file/add HTTP/1.1" 500 84 "-" "PostmanRuntime/7.53.0"
::ffff:127.0.0.1 - test@test.com [30/Apr/2026:12:24:53 +0000] "POST /file/add HTTP/1.1" 401 45 "-" "curl/7.88.1"
::1 - alban70robin@gmail.com [30/Apr/2026:12:25:57 +0000] "POST /file/add HTTP/1.1" 500 84 "-" "PostmanRuntime/7.53.0"
::1 - alban70robin@gmail.com [30/Apr/2026:12:27:21 +0000] "POST /file/add HTTP/1.1" 500 130 "-" "PostmanRuntime/7.53.0"
::1 - alban70robin@gmail.com [30/Apr/2026:12:27:24 +0000] "POST /file/add HTTP/1.1" 500 84 "-" "PostmanRuntime/7.53.0"
::1 - alban70robin@gmail.com [30/Apr/2026:12:30:43 +0000] "POST /products/add HTTP/1.1" 500 84 "-" "PostmanRuntime/7.53.0"
::1 - alban70robin@gmail.com [30/Apr/2026:12:37:19 +0000] "POST /products/add HTTP/1.1" 500 84 "-" "PostmanRuntime/7.53.0"
::1 - alban70robin@gmail.com [30/Apr/2026:12:37:23 +0000] "POST /products/add HTTP/1.1" 500 84 "-" "PostmanRuntime/7.53.0"
::1 - alban70robin@gmail.com [30/Apr/2026:12:42:04 +0000] "POST /products/add HTTP/1.1" 500 1327 "-" "PostmanRuntime/7.53.0"
::1 - alban70robin@gmail.com [30/Apr/2026:12:42:45 +0000] "POST /products/add HTTP/1.1" 500 251 "-" "PostmanRuntime/7.53.0"
::1 - alban70robin@gmail.com [30/Apr/2026:12:43:12 +0000] "POST /products/add HTTP/1.1" 500 74 "-" "PostmanRuntime/7.53.0"
::1 - alban70robin@gmail.com [30/Apr/2026:12:43:55 +0000] "POST /products/add HTTP/1.1" 500 111 "-" "PostmanRuntime/7.53.0"
::1 - alban70robin@gmail.com [30/Apr/2026:12:44:05 +0000] "POST /file/add HTTP/1.1" 500 77 "-" "PostmanRuntime/7.53.0"
::1 - alban70robin@gmail.com [30/Apr/2026:12:44:35 +0000] "POST /file/add HTTP/1.1" 500 1088 "-" "PostmanRuntime/7.53.0"
::1 - alban70robin@gmail.com [30/Apr/2026:12:45:10 +0000] "POST /file/add HTTP/1.1" 500 84 "-" "PostmanRuntime/7.53.0"
::1 - alban70robin@gmail.com [30/Apr/2026:12:46:34 +0000] "POST /file/add HTTP/1.1" 500 77 "-" "PostmanRuntime/7.53.0"
::1 - alban70robin@gmail.com [30/Apr/2026:12:46:48 +0000] "POST /file/add HTTP/1.1" 500 77 "-" "PostmanRuntime/7.53.0"
::1 - alban70robin@gmail.com [30/Apr/2026:12:46:55 +0000] "POST /file/add HTTP/1.1" 500 77 "-" "PostmanRuntime/7.53.0"
::1 - alban70robin@gmail.com [30/Apr/2026:12:54:00 +0000] "POST /file/add HTTP/1.1" 500 68 "-" "PostmanRuntime/7.53.0"
::1 - alban70robin@gmail.com [30/Apr/2026:12:54:23 +0000] "POST /file/add HTTP/1.1" 500 140 "-" "PostmanRuntime/7.53.0"
::1 - alban70robin@gmail.com [30/Apr/2026:12:54:27 +0000] "POST /file/add HTTP/1.1" 500 68 "-" "PostmanRuntime/7.53.0"
::1 - alban70robin@gmail.com [30/Apr/2026:12:56:59 +0000] "POST /file/add HTTP/1.1" 500 68 "-" "PostmanRuntime/7.53.0"
::1 - alban70robin@gmail.com [30/Apr/2026:13:02:20 +0000] "POST /file/add HTTP/1.1" 500 1309 "-" "PostmanRuntime/7.53.0"
::1 - alban70robin@gmail.com [30/Apr/2026:13:03:22 +0000] "POST /file/add HTTP/1.1" 500 68 "-" "PostmanRuntime/7.53.0"
::1 - alban70robin@gmail.com [30/Apr/2026:13:08:59 +0000] "POST /file/add HTTP/1.1" 500 77 "-" "PostmanRuntime/7.53.0"
